# JRE version: OpenJDK Runtime Environment (8.0_312-b07) (build 1.8.0_312-b07)
# Java VM: OpenJDK 64-Bit Server VM (25.312-b07 mixed mode windows-amd64 compressed oops)
Heap:
 PSYoungGen      total 164352K, used 4961K [0x000000076be00000, 0x0000000777100000, 0x00000007c0000000)
  eden space 151552K, 3% used [0x000000076be00000,0x000000076c2d8550,0x0000000775200000)
  from space 12800K, 0% used [0x0000000775200000,0x0000000775200000,0x0000000775e80000)
  to   space 12800K, 0% used [0x0000000775e80000,0x0000000775e80000,0x0000000776b00000)
 ParOldGen       total 105472K, used 18417K [0x00000006c3a00000, 0x00000006ca100000, 0x000000076be00000)
  object space 105472K, 17% used [0x00000006c3a00000,0x00000006c4bfc590,0x00000006ca100000)
 Metaspace       used 37152K, capacity 39642K, committed 39936K, reserved 1089536K
  class space    used 5028K, capacity 5527K, committed 5632K, reserved 1048576K
GC Heap History (10 events):
Event: 2.272 GC heap before
{Heap before GC invocations=6 (full 1):
 PSYoungGen      total 109056K, used 105589K [0x000000076be00000, 0x0000000773500000, 0x00000007c0000000)
  eden space 98304K, 100% used [0x000000076be00000,0x0000000771e00000,0x0000000771e00000)
  from space 10752K, 67% used [0x0000000772880000,0x0000000772f9d5c8,0x0000000773300000)
  to   space 10752K, 0% used [0x0000000771e00000,0x0000000771e00000,0x0000000772880000)
 ParOldGen       total 105472K, used 9945K [0x00000006c3a00000, 0x00000006ca100000, 0x000000076be00000)
  object space 105472K, 9% used [0x00000006c3a00000,0x00000006c43b65d8,0x00000006ca100000)
 Metaspace       used 31336K, capacity 33362K, committed 33536K, reserved 1079296K
  class space    used 4187K, capacity 4575K, committed 4608K, reserved 1048576K
Event: 2.278 GC heap after
Heap after GC invocations=6 (full 1):
 PSYoungGen      total 109056K, used 10750K [0x000000076be00000, 0x0000000776b00000, 0x00000007c0000000)
  eden space 98304K, 0% used [0x000000076be00000,0x000000076be00000,0x0000000771e00000)
  from space 10752K, 99% used [0x0000000771e00000,0x000000077287f9f0,0x0000000772880000)
  to   space 12800K, 0% used [0x0000000775e80000,0x0000000775e80000,0x0000000776b00000)
 ParOldGen       total 105472K, used 10298K [0x00000006c3a00000, 0x00000006ca100000, 0x000000076be00000)
  object space 105472K, 9% used [0x00000006c3a00000,0x00000006c440e8d8,0x00000006ca100000)
 Metaspace       used 31336K, capacity 33362K, committed 33536K, reserved 1079296K
  class space    used 4187K, capacity 4575K, committed 4608K, reserved 1048576K
}
Event: 2.432 GC heap before
{Heap before GC invocations=7 (full 1):
 PSYoungGen      total 109056K, used 43897K [0x000000076be00000, 0x0000000776b00000, 0x00000007c0000000)
  eden space 98304K, 33% used [0x000000076be00000,0x000000076de5ebf8,0x0000000771e00000)
  from space 10752K, 99% used [0x0000000771e00000,0x000000077287f9f0,0x0000000772880000)
  to   space 12800K, 0% used [0x0000000775e80000,0x0000000775e80000,0x0000000776b00000)
 ParOldGen       total 105472K, used 10298K [0x00000006c3a00000, 0x00000006ca100000, 0x000000076be00000)
  object space 105472K, 9% used [0x00000006c3a00000,0x00000006c440e8d8,0x00000006ca100000)
 Metaspace       used 33103K, capacity 35294K, committed 35456K, reserved 1079296K
  class space    used 4436K, capacity 4883K, committed 4992K, reserved 1048576K
Event: 2.437 GC heap after
Heap after GC invocations=7 (full 1):
 PSYoungGen      total 164352K, used 9978K [0x000000076be00000, 0x0000000777100000, 0x00000007c0000000)
  eden space 151552K, 0% used [0x000000076be00000,0x000000076be00000,0x0000000775200000)
  from space 12800K, 77% used [0x0000000775e80000,0x000000077683ea10,0x0000000776b00000)
  to   space 12800K, 0% used [0x0000000775200000,0x0000000775200000,0x0000000775e80000)
 ParOldGen       total 105472K, used 10306K [0x00000006c3a00000, 0x00000006ca100000, 0x000000076be00000)
  object space 105472K, 9% used [0x00000006c3a00000,0x00000006c44108d8,0x00000006ca100000)
 Metaspace       used 33103K, capacity 35294K, committed 35456K, reserved 1079296K
  class space    used 4436K, capacity 4883K, committed 4992K, reserved 1048576K
}
Event: 2.437 GC heap before
{Heap before GC invocations=8 (full 2):
 PSYoungGen      total 164352K, used 9978K [0x000000076be00000, 0x0000000777100000, 0x00000007c0000000)
  eden space 151552K, 0% used [0x000000076be00000,0x000000076be00000,0x0000000775200000)
  from space 12800K, 77% used [0x0000000775e80000,0x000000077683ea10,0x0000000776b00000)
  to   space 12800K, 0% used [0x0000000775200000,0x0000000775200000,0x0000000775e80000)
 ParOldGen       total 105472K, used 10306K [0x00000006c3a00000, 0x00000006ca100000, 0x000000076be00000)
  object space 105472K, 9% used [0x00000006c3a00000,0x00000006c44108d8,0x00000006ca100000)
 Metaspace       used 33103K, capacity 35294K, committed 35456K, reserved 1079296K
  class space    used 4436K, capacity 4883K, committed 4992K, reserved 1048576K
Event: 2.463 GC heap after
Heap after GC invocations=8 (full 2):
 PSYoungGen      total 164352K, used 0K [0x000000076be00000, 0x0000000777100000, 0x00000007c0000000)
  eden space 151552K, 0% used [0x000000076be00000,0x000000076be00000,0x0000000775200000)
  from space 12800K, 0% used [0x0000000775e80000,0x0000000775e80000,0x0000000776b00000)
  to   space 12800K, 0% used [0x0000000775200000,0x0000000775200000,0x0000000775e80000)
 ParOldGen       total 105472K, used 15309K [0x00000006c3a00000, 0x00000006ca100000, 0x000000076be00000)
  object space 105472K, 14% used [0x00000006c3a00000,0x00000006c48f3418,0x00000006ca100000)
 Metaspace       used 33103K, capacity 35294K, committed 35456K, reserved 1079296K
  class space    used 4436K, capacity 4883K, committed 4992K, reserved 1048576K
}
Event: 3.315 GC heap before
{Heap before GC invocations=9 (full 2):
 PSYoungGen      total 164352K, used 55160K [0x000000076be00000, 0x0000000777100000, 0x00000007c0000000)
  eden space 151552K, 36% used [0x000000076be00000,0x000000076f3de2c0,0x0000000775200000)
  from space 12800K, 0% used [0x0000000775e80000,0x0000000775e80000,0x0000000776b00000)
  to   space 12800K, 0% used [0x0000000775200000,0x0000000775200000,0x0000000775e80000)
 ParOldGen       total 105472K, used 15309K [0x00000006c3a00000, 0x00000006ca100000, 0x000000076be00000)
  object space 105472K, 14% used [0x00000006c3a00000,0x00000006c48f3418,0x00000006ca100000)
 Metaspace       used 36679K, capacity 39102K, committed 39296K, reserved 1089536K
  class space    used 4959K, capacity 5455K, committed 5504K, reserved 1048576K
Event: 3.320 GC heap after
Heap after GC invocations=9 (full 2):
 PSYoungGen      total 164352K, used 5274K [0x000000076be00000, 0x0000000777100000, 0x00000007c0000000)
  eden space 151552K, 0% used [0x000000076be00000,0x000000076be00000,0x0000000775200000)
  from space 12800K, 41% used [0x0000000775200000,0x0000000775726968,0x0000000775e80000)
  to   space 12800K, 0% used [0x0000000775e80000,0x0000000775e80000,0x0000000776b00000)
 ParOldGen       total 105472K, used 15317K [0x00000006c3a00000, 0x00000006ca100000, 0x000000076be00000)
  object space 105472K, 14% used [0x00000006c3a00000,0x00000006c48f5418,0x00000006ca100000)
 Metaspace       used 36679K, capacity 39102K, committed 39296K, reserved 1089536K
  class space    used 4959K, capacity 5455K, committed 5504K, reserved 1048576K
}
Event: 3.320 GC heap before
{Heap before GC invocations=10 (full 3):
 PSYoungGen      total 164352K, used 5274K [0x000000076be00000, 0x0000000777100000, 0x00000007c0000000)
  eden space 151552K, 0% used [0x000000076be00000,0x000000076be00000,0x0000000775200000)
  from space 12800K, 41% used [0x0000000775200000,0x0000000775726968,0x0000000775e80000)
  to   space 12800K, 0% used [0x0000000775e80000,0x0000000775e80000,0x0000000776b00000)
 ParOldGen       total 105472K, used 15317K [0x00000006c3a00000, 0x00000006ca100000, 0x000000076be00000)
  object space 105472K, 14% used [0x00000006c3a00000,0x00000006c48f5418,0x00000006ca100000)
 Metaspace       used 36679K, capacity 39102K, committed 39296K, reserved 1089536K
  class space    used 4959K, capacity 5455K, committed 5504K, reserved 1048576K
Event: 3.413 GC heap after
Heap after GC invocations=10 (full 3):
 PSYoungGen      total 164352K, used 0K [0x000000076be00000, 0x0000000777100000, 0x00000007c0000000)
  eden space 151552K, 0% used [0x000000076be00000,0x000000076be00000,0x0000000775200000)
  from space 12800K, 0% used [0x0000000775200000,0x0000000775200000,0x0000000775e80000)
  to   space 12800K, 0% used [0x0000000775e80000,0x0000000775e80000,0x0000000776b00000)
 ParOldGen       total 105472K, used 18417K [0x00000006c3a00000, 0x00000006ca100000, 0x000000076be00000)
  object space 105472K, 17% used [0x00000006c3a00000,0x00000006c4bfc590,0x00000006ca100000)
 Metaspace       used 36679K, capacity 39102K, committed 39296K, reserved 1087488K
  class space    used 4959K, capacity 5455K, committed 5504K, reserved 1048576K
}

